<?xml version="1.0" encoding="UTF-8"?>
<!-- Generated by org.testng.reporters.JUnitReportReporter -->
<testsuite hostname="DESKTOP-KCH4APJ" failures="0" tests="26" name="runner.Test_Runner" time="22.266" errors="0" timestamp="2024-03-08T00:03:31 EST" skipped="0">
  <testcase classname="runner.Test_Runner" name="runScenario" time="1.381"/>
  <testcase classname="runner.Test_Runner" name="runScenario" time="0.097"/>
  <testcase classname="runner.Test_Runner" name="runScenario" time="1.220"/>
  <testcase classname="runner.Test_Runner" name="runScenario" time="1.953"/>
  <testcase classname="runner.Test_Runner" name="runScenario" time="1.458"/>
  <testcase classname="runner.Test_Runner" name="runScenario" time="1.399"/>
  <testcase classname="runner.Test_Runner" name="runScenario" time="0.041"/>
  <testcase classname="runner.Test_Runner" name="runScenario" time="0.287"/>
  <testcase classname="runner.Test_Runner" name="runScenario" time="0.157"/>
  <testcase classname="runner.Test_Runner" name="runScenario" time="0.147"/>
  <testcase classname="runner.Test_Runner" name="runScenario" time="1.377"/>
  <testcase classname="runner.Test_Runner" name="runScenario" time="1.390"/>
  <testcase classname="runner.Test_Runner" name="runScenario" time="0.238"/>
  <testcase classname="runner.Test_Runner" name="runScenario" time="1.325"/>
  <testcase classname="runner.Test_Runner" name="runScenario" time="0.257"/>
  <testcase classname="runner.Test_Runner" name="runScenario" time="1.454"/>
  <testcase classname="runner.Test_Runner" name="runScenario" time="0.121"/>
  <testcase classname="runner.Test_Runner" name="runScenario" time="0.262"/>
  <testcase classname="runner.Test_Runner" name="runScenario" time="0.895"/>
  <testcase classname="runner.Test_Runner" name="runScenario" time="1.410"/>
  <testcase classname="runner.Test_Runner" name="runScenario" time="1.565"/>
  <testcase classname="runner.Test_Runner" name="runScenario" time="1.370"/>
  <testcase classname="runner.Test_Runner" name="runScenario" time="0.326"/>
  <testcase classname="runner.Test_Runner" name="runScenario" time="0.260"/>
  <testcase classname="runner.Test_Runner" name="runScenario" time="1.342"/>
  <testcase classname="runner.Test_Runner" name="runScenario" time="0.534"/>
</testsuite> <!-- runner.Test_Runner -->
